c:\users\raghavendra\desktop\project_1\project_1\filecatalogue\executive\debug\vc120.pdb
c:\users\raghavendra\desktop\project_1\project_1\filecatalogue\executive\debug\vc120.idb
c:\users\raghavendra\desktop\project_1\project_1\filecatalogue\executive\debug\datastore.obj
c:\users\raghavendra\desktop\project_1\project_1\filecatalogue\executive\debug\display.obj
c:\users\raghavendra\desktop\project_1\project_1\filecatalogue\executive\debug\filemgr.obj
c:\users\raghavendra\desktop\project_1\project_1\filecatalogue\executive\debug\filesystem.obj
c:\users\raghavendra\desktop\project_1\project_1\filecatalogue\executive\debug\executive.obj
c:\users\raghavendra\desktop\project_1\project_1\filecatalogue\debug\executive.ilk
c:\users\raghavendra\desktop\project_1\project_1\filecatalogue\debug\executive.exe
c:\users\raghavendra\desktop\project_1\project_1\filecatalogue\debug\executive.pdb
d:\new volume\raghu\raghu\higher studies\ms\syracuse\academics\spring 2015\ood\prj01\submission\filecatalogue\executive\debug\datastore.obj
d:\new volume\raghu\raghu\higher studies\ms\syracuse\academics\spring 2015\ood\prj01\submission\filecatalogue\executive\debug\display.obj
d:\new volume\raghu\raghu\higher studies\ms\syracuse\academics\spring 2015\ood\prj01\submission\filecatalogue\executive\debug\executive.obj
d:\new volume\raghu\raghu\higher studies\ms\syracuse\academics\spring 2015\ood\prj01\submission\filecatalogue\executive\debug\filemgr.obj
d:\new volume\raghu\raghu\higher studies\ms\syracuse\academics\spring 2015\ood\prj01\submission\filecatalogue\executive\debug\filesystem.obj
d:\new volume\raghu\raghu\higher studies\ms\syracuse\academics\spring 2015\ood\prj01\submission\filecatalogue\executive\debug\vc120.idb
d:\new volume\raghu\raghu\higher studies\ms\syracuse\academics\spring 2015\ood\prj01\submission\filecatalogue\executive\debug\vc120.pdb
d:\new volume\raghu\raghu\higher studies\ms\syracuse\academics\spring 2015\ood\prj01\submission\filecatalogue\debug\executive.pdb
d:\new volume\raghu\raghu\higher studies\ms\syracuse\academics\spring 2015\ood\prj01\submission\filecatalogue\debug\executive.exe
d:\new volume\raghu\raghu\higher studies\ms\syracuse\academics\spring 2015\ood\prj01\submission\filecatalogue\debug\executive.ilk
d:\new volume\raghu\raghu\higher studies\ms\syracuse\academics\spring 2015\ood\prj01\submission\filecatalogue\executive\debug\executive.tlog\cl.command.1.tlog
d:\new volume\raghu\raghu\higher studies\ms\syracuse\academics\spring 2015\ood\prj01\submission\filecatalogue\executive\debug\executive.tlog\cl.read.1.tlog
d:\new volume\raghu\raghu\higher studies\ms\syracuse\academics\spring 2015\ood\prj01\submission\filecatalogue\executive\debug\executive.tlog\cl.write.1.tlog
d:\new volume\raghu\raghu\higher studies\ms\syracuse\academics\spring 2015\ood\prj01\submission\filecatalogue\executive\debug\executive.tlog\link.command.1.tlog
d:\new volume\raghu\raghu\higher studies\ms\syracuse\academics\spring 2015\ood\prj01\submission\filecatalogue\executive\debug\executive.tlog\link.read.1.tlog
d:\new volume\raghu\raghu\higher studies\ms\syracuse\academics\spring 2015\ood\prj01\submission\filecatalogue\executive\debug\executive.tlog\link.write.1.tlog
