Build started 3/29/2015 8:43:43 PM.
     1>Project "D:\New Volume\Raghu\Raghu\Higher Studies\MS\Syracuse\Academics\Spring 2015\OOD\Prj01\Submission\FileCatalogue\Executive\Executive.vcxproj" on node 4 (Rebuild target(s)).
     1>C:\Program Files (x86)\MSBuild\Microsoft.Cpp\v4.0\V120\Microsoft.CppBuild.targets(381,5): warning MSB8028: The intermediate directory (Debug\) contains files shared from another project (FileMgr.vcxproj).  This can lead to incorrect clean and rebuild behavior.
     1>ClCompile:
         C:\Program Files (x86)\Microsoft Visual Studio 12.0\VC\bin\CL.exe /c /ZI /nologo /W3 /WX- /sdl /Od /Oy- /D _MBCS /Gm /EHsc /RTC1 /MDd /GS /fp:precise /Zc:wchar_t /Zc:forScope /Fo"Debug\\" /Fd"Debug\vc120.pdb" /Gd /TP /analyze- /errorReport:prompt ..\DataStore\DataStore.cpp ..\Display\Display.cpp ..\FileMgr\FileMgr.cpp ..\FileMgr\FileSystem.cpp Executive.cpp
         Executive.cpp
         FileSystem.cpp
         FileMgr.cpp
         Display.cpp
         DataStore.cpp
         Generating Code...
       Link:
         C:\Program Files (x86)\Microsoft Visual Studio 12.0\VC\bin\link.exe /ERRORREPORT:PROMPT /OUT:"D:\New Volume\Raghu\Raghu\Higher Studies\MS\Syracuse\Academics\Spring 2015\OOD\Prj01\Submission\FileCatalogue\Debug\Executive.exe" /INCREMENTAL /NOLOGO kernel32.lib user32.lib gdi32.lib winspool.lib comdlg32.lib advapi32.lib shell32.lib ole32.lib oleaut32.lib uuid.lib odbc32.lib odbccp32.lib /MANIFEST /MANIFESTUAC:"level='asInvoker' uiAccess='false'" /manifest:embed /DEBUG /PDB:"D:\New Volume\Raghu\Raghu\Higher Studies\MS\Syracuse\Academics\Spring 2015\OOD\Prj01\Submission\FileCatalogue\Debug\Executive.pdb" /TLBID:1 /DYNAMICBASE /NXCOMPAT /IMPLIB:"D:\New Volume\Raghu\Raghu\Higher Studies\MS\Syracuse\Academics\Spring 2015\OOD\Prj01\Submission\FileCatalogue\Debug\Executive.lib" /MACHINE:X86 Debug\DataStore.obj
         Debug\Display.obj
         Debug\FileMgr.obj
         Debug\FileSystem.obj
         Debug\Executive.obj
         Executive.vcxproj -> D:\New Volume\Raghu\Raghu\Higher Studies\MS\Syracuse\Academics\Spring 2015\OOD\Prj01\Submission\FileCatalogue\Debug\Executive.exe
     1>Done Building Project "D:\New Volume\Raghu\Raghu\Higher Studies\MS\Syracuse\Academics\Spring 2015\OOD\Prj01\Submission\FileCatalogue\Executive\Executive.vcxproj" (Rebuild target(s)).

Build succeeded.

Time Elapsed 00:00:14.39
