c:\users\raghavendra\desktop\project_1\project_1\filecatalogue\display\debug\vc120.pdb
c:\users\raghavendra\desktop\project_1\project_1\filecatalogue\display\debug\vc120.idb
c:\users\raghavendra\desktop\project_1\project_1\filecatalogue\display\debug\datastore.obj
c:\users\raghavendra\desktop\project_1\project_1\filecatalogue\display\debug\filesystem.obj
c:\users\raghavendra\desktop\project_1\project_1\filecatalogue\display\debug\display.obj
c:\users\raghavendra\desktop\project_1\project_1\filecatalogue\debug\display.ilk
c:\users\raghavendra\desktop\project_1\project_1\filecatalogue\debug\display.exe
c:\users\raghavendra\desktop\project_1\project_1\filecatalogue\debug\display.pdb
d:\new volume\raghu\raghu\higher studies\ms\syracuse\academics\spring 2015\ood\prj01\submission\filecatalogue\display\debug\datastore.obj
d:\new volume\raghu\raghu\higher studies\ms\syracuse\academics\spring 2015\ood\prj01\submission\filecatalogue\display\debug\display.obj
d:\new volume\raghu\raghu\higher studies\ms\syracuse\academics\spring 2015\ood\prj01\submission\filecatalogue\display\debug\filesystem.obj
d:\new volume\raghu\raghu\higher studies\ms\syracuse\academics\spring 2015\ood\prj01\submission\filecatalogue\display\debug\vc120.idb
d:\new volume\raghu\raghu\higher studies\ms\syracuse\academics\spring 2015\ood\prj01\submission\filecatalogue\display\debug\vc120.pdb
d:\new volume\raghu\raghu\higher studies\ms\syracuse\academics\spring 2015\ood\prj01\submission\filecatalogue\debug\display.pdb
d:\new volume\raghu\raghu\higher studies\ms\syracuse\academics\spring 2015\ood\prj01\submission\filecatalogue\debug\display.exe
d:\new volume\raghu\raghu\higher studies\ms\syracuse\academics\spring 2015\ood\prj01\submission\filecatalogue\debug\display.ilk
d:\new volume\raghu\raghu\higher studies\ms\syracuse\academics\spring 2015\ood\prj01\submission\filecatalogue\display\debug\display.tlog\cl.command.1.tlog
d:\new volume\raghu\raghu\higher studies\ms\syracuse\academics\spring 2015\ood\prj01\submission\filecatalogue\display\debug\display.tlog\cl.read.1.tlog
d:\new volume\raghu\raghu\higher studies\ms\syracuse\academics\spring 2015\ood\prj01\submission\filecatalogue\display\debug\display.tlog\cl.write.1.tlog
d:\new volume\raghu\raghu\higher studies\ms\syracuse\academics\spring 2015\ood\prj01\submission\filecatalogue\display\debug\display.tlog\link.command.1.tlog
d:\new volume\raghu\raghu\higher studies\ms\syracuse\academics\spring 2015\ood\prj01\submission\filecatalogue\display\debug\display.tlog\link.read.1.tlog
d:\new volume\raghu\raghu\higher studies\ms\syracuse\academics\spring 2015\ood\prj01\submission\filecatalogue\display\debug\display.tlog\link.write.1.tlog
