c:\users\raghavendra\desktop\project_1\project_1\filecatalogue\filemgr\debug\vc120.pdb
c:\users\raghavendra\desktop\project_1\project_1\filecatalogue\filemgr\debug\vc120.idb
c:\users\raghavendra\desktop\project_1\project_1\filecatalogue\filemgr\debug\datastore.obj
c:\users\raghavendra\desktop\project_1\project_1\filecatalogue\filemgr\debug\filemgr.obj
c:\users\raghavendra\desktop\project_1\project_1\filecatalogue\filemgr\debug\filesystem.obj
c:\users\raghavendra\desktop\project_1\project_1\filecatalogue\debug\filemgr.ilk
c:\users\raghavendra\desktop\project_1\project_1\filecatalogue\debug\filemgr.exe
c:\users\raghavendra\desktop\project_1\project_1\filecatalogue\debug\filemgr.pdb
d:\new volume\raghu\raghu\higher studies\ms\syracuse\academics\spring 2015\ood\prj01\submission\filecatalogue\filemgr\debug\datastore.obj
d:\new volume\raghu\raghu\higher studies\ms\syracuse\academics\spring 2015\ood\prj01\submission\filecatalogue\filemgr\debug\filemgr.obj
d:\new volume\raghu\raghu\higher studies\ms\syracuse\academics\spring 2015\ood\prj01\submission\filecatalogue\filemgr\debug\filesystem.obj
d:\new volume\raghu\raghu\higher studies\ms\syracuse\academics\spring 2015\ood\prj01\submission\filecatalogue\filemgr\debug\vc120.idb
d:\new volume\raghu\raghu\higher studies\ms\syracuse\academics\spring 2015\ood\prj01\submission\filecatalogue\filemgr\debug\vc120.pdb
d:\new volume\raghu\raghu\higher studies\ms\syracuse\academics\spring 2015\ood\prj01\submission\filecatalogue\debug\filemgr.pdb
d:\new volume\raghu\raghu\higher studies\ms\syracuse\academics\spring 2015\ood\prj01\submission\filecatalogue\debug\filemgr.exe
d:\new volume\raghu\raghu\higher studies\ms\syracuse\academics\spring 2015\ood\prj01\submission\filecatalogue\debug\filemgr.ilk
d:\new volume\raghu\raghu\higher studies\ms\syracuse\academics\spring 2015\ood\prj01\submission\filecatalogue\filemgr\debug\filemgr.tlog\cl.command.1.tlog
d:\new volume\raghu\raghu\higher studies\ms\syracuse\academics\spring 2015\ood\prj01\submission\filecatalogue\filemgr\debug\filemgr.tlog\cl.read.1.tlog
d:\new volume\raghu\raghu\higher studies\ms\syracuse\academics\spring 2015\ood\prj01\submission\filecatalogue\filemgr\debug\filemgr.tlog\cl.write.1.tlog
d:\new volume\raghu\raghu\higher studies\ms\syracuse\academics\spring 2015\ood\prj01\submission\filecatalogue\filemgr\debug\filemgr.tlog\link.command.1.tlog
d:\new volume\raghu\raghu\higher studies\ms\syracuse\academics\spring 2015\ood\prj01\submission\filecatalogue\filemgr\debug\filemgr.tlog\link.read.1.tlog
d:\new volume\raghu\raghu\higher studies\ms\syracuse\academics\spring 2015\ood\prj01\submission\filecatalogue\filemgr\debug\filemgr.tlog\link.write.1.tlog
