c:\users\raghavendra\desktop\project_1\project_1\filecatalogue\datastore\debug\vc120.pdb
c:\users\raghavendra\desktop\project_1\project_1\filecatalogue\datastore\debug\vc120.idb
c:\users\raghavendra\desktop\project_1\project_1\filecatalogue\datastore\debug\filesystem.obj
c:\users\raghavendra\desktop\project_1\project_1\filecatalogue\datastore\debug\datastore.obj
c:\users\raghavendra\desktop\project_1\project_1\filecatalogue\debug\datastore.ilk
c:\users\raghavendra\desktop\project_1\project_1\filecatalogue\debug\datastore.exe
c:\users\raghavendra\desktop\project_1\project_1\filecatalogue\debug\datastore.pdb
d:\new volume\raghu\raghu\higher studies\ms\syracuse\academics\spring 2015\ood\prj01\submission\filecatalogue\datastore\debug\datastore.obj
d:\new volume\raghu\raghu\higher studies\ms\syracuse\academics\spring 2015\ood\prj01\submission\filecatalogue\datastore\debug\filesystem.obj
d:\new volume\raghu\raghu\higher studies\ms\syracuse\academics\spring 2015\ood\prj01\submission\filecatalogue\datastore\debug\vc120.idb
d:\new volume\raghu\raghu\higher studies\ms\syracuse\academics\spring 2015\ood\prj01\submission\filecatalogue\datastore\debug\vc120.pdb
d:\new volume\raghu\raghu\higher studies\ms\syracuse\academics\spring 2015\ood\prj01\submission\filecatalogue\debug\datastore.pdb
d:\new volume\raghu\raghu\higher studies\ms\syracuse\academics\spring 2015\ood\prj01\submission\filecatalogue\debug\datastore.exe
d:\new volume\raghu\raghu\higher studies\ms\syracuse\academics\spring 2015\ood\prj01\submission\filecatalogue\debug\datastore.ilk
d:\new volume\raghu\raghu\higher studies\ms\syracuse\academics\spring 2015\ood\prj01\submission\filecatalogue\datastore\debug\datastore.tlog\cl.command.1.tlog
d:\new volume\raghu\raghu\higher studies\ms\syracuse\academics\spring 2015\ood\prj01\submission\filecatalogue\datastore\debug\datastore.tlog\cl.read.1.tlog
d:\new volume\raghu\raghu\higher studies\ms\syracuse\academics\spring 2015\ood\prj01\submission\filecatalogue\datastore\debug\datastore.tlog\cl.write.1.tlog
d:\new volume\raghu\raghu\higher studies\ms\syracuse\academics\spring 2015\ood\prj01\submission\filecatalogue\datastore\debug\datastore.tlog\link.command.1.tlog
d:\new volume\raghu\raghu\higher studies\ms\syracuse\academics\spring 2015\ood\prj01\submission\filecatalogue\datastore\debug\datastore.tlog\link.read.1.tlog
d:\new volume\raghu\raghu\higher studies\ms\syracuse\academics\spring 2015\ood\prj01\submission\filecatalogue\datastore\debug\datastore.tlog\link.write.1.tlog
